<?xml version="1.0" encoding="UTF-8"?>
<testsuite name="com.example.todo.domain.TaskTest" tests="1" skipped="0" failures="0" errors="0" timestamp="2023-10-20T09:40:05" hostname="myMac" time="0.168">
  <properties/>
  <testcase name="할일_시간_내림차순_조회" classname="com.example.todo.domain.TaskTest" time="0.168"/>
  <system-out><![CDATA[18:40:03.555 [Test worker] DEBUG org.springframework.test.annotation.ProfileValueUtils - Retrieved @ProfileValueSourceConfiguration [null] for test class [com.example.todo.domain.TaskTest]
18:40:03.555 [Test worker] DEBUG org.springframework.test.annotation.ProfileValueUtils - Retrieved ProfileValueSource type [class org.springframework.test.annotation.SystemProfileValueSource] for class [com.example.todo.domain.TaskTest]
18:40:03.556 [Test worker] DEBUG org.springframework.test.annotation.ProfileValueUtils - Retrieved @ProfileValueSourceConfiguration [null] for test class [com.example.todo.domain.TaskTest]
18:40:03.556 [Test worker] DEBUG org.springframework.test.annotation.ProfileValueUtils - Retrieved ProfileValueSource type [class org.springframework.test.annotation.SystemProfileValueSource] for class [com.example.todo.domain.TaskTest]
18:40:03.558 [Test worker] DEBUG org.springframework.test.context.support.AbstractDirtiesContextTestExecutionListener - Before test class: context [DefaultTestContext@64711bf2 testClass = TaskTest, testInstance = [null], testMethod = [null], testException = [null], mergedContextConfiguration = [WebMergedContextConfiguration@169da7f2 testClass = TaskTest, locations = '{}', classes = '{class com.example.todo.TodoApplication}', contextInitializerClasses = '[]', activeProfiles = '{}', propertySourceLocations = '{}', propertySourceProperties = '{org.springframework.boot.test.context.SpringBootTestContextBootstrapper=true}', contextCustomizers = set[org.springframework.boot.test.autoconfigure.actuate.metrics.MetricsExportContextCustomizerFactory$DisableMetricExportContextCustomizer@6c5945a7, org.springframework.boot.test.autoconfigure.properties.PropertyMappingContextCustomizer@0, org.springframework.boot.test.autoconfigure.web.servlet.WebDriverContextCustomizerFactory$Customizer@6e6d5d29, org.springframework.boot.test.context.filter.ExcludeFilterContextCustomizer@48a12036, org.springframework.boot.test.json.DuplicateJsonObjectContextCustomizerFactory$DuplicateJsonObjectContextCustomizer@4e858e0a, org.springframework.boot.test.mock.mockito.MockitoContextCustomizer@0, org.springframework.boot.test.web.client.TestRestTemplateContextCustomizer@7096b474, org.springframework.boot.test.context.SpringBootTestArgs@1, org.springframework.boot.test.context.SpringBootTestWebEnvironment@63dd899], resourceBasePath = 'src/main/webapp', contextLoader = 'org.springframework.boot.test.context.SpringBootContextLoader', parent = [null]], attributes = map['org.springframework.test.context.web.ServletTestExecutionListener.activateListener' -> true]], class annotated with @DirtiesContext [false] with mode [null].
18:40:03.558 [Test worker] DEBUG org.springframework.test.annotation.ProfileValueUtils - Retrieved @ProfileValueSourceConfiguration [null] for test class [com.example.todo.domain.TaskTest]
18:40:03.558 [Test worker] DEBUG org.springframework.test.annotation.ProfileValueUtils - Retrieved ProfileValueSource type [class org.springframework.test.annotation.SystemProfileValueSource] for class [com.example.todo.domain.TaskTest]

  .   ____          _            __ _ _
 /\\ / ___'_ __ _ _(_)_ __  __ _ \ \ \ \
( ( )\___ | '_ | '_| | '_ \/ _` | \ \ \ \
 \\/  ___)| |_)| | | | | || (_| |  ) ) ) )
  '  |____| .__|_| |_|_| |_\__, | / / / /
 =========|_|==============|___/=/_/_/_/
 :: Spring Boot ::               (v2.7.16)

2023-10-20 18:40:03.761  INFO 48016 --- [    Test worker] com.example.todo.domain.TaskTest         : Starting TaskTest using Java 11.0.20.1 on myMac with PID 48016 (started by hwangdoyun in /Users/hwangdoyun/MainFolder/study/todo)
2023-10-20 18:40:03.762  INFO 48016 --- [    Test worker] com.example.todo.domain.TaskTest         : No active profile set, falling back to 1 default profile: "default"
2023-10-20 18:40:04.049  INFO 48016 --- [    Test worker] .s.d.r.c.RepositoryConfigurationDelegate : Bootstrapping Spring Data JPA repositories in DEFAULT mode.
2023-10-20 18:40:04.056  INFO 48016 --- [    Test worker] .s.d.r.c.RepositoryConfigurationDelegate : Finished Spring Data repository scanning in 3 ms. Found 0 JPA repository interfaces.
2023-10-20 18:40:04.379  INFO 48016 --- [    Test worker] o.hibernate.jpa.internal.util.LogHelper  : HHH000204: Processing PersistenceUnitInfo [name: default]
2023-10-20 18:40:04.409  INFO 48016 --- [    Test worker] org.hibernate.Version                    : HHH000412: Hibernate ORM core version 5.6.15.Final
2023-10-20 18:40:04.488  INFO 48016 --- [    Test worker] o.hibernate.annotations.common.Version   : HCANN000001: Hibernate Commons Annotations {5.1.2.Final}
2023-10-20 18:40:04.534  INFO 48016 --- [    Test worker] com.zaxxer.hikari.HikariDataSource       : HikariPool-1 - Starting...
2023-10-20 18:40:04.642  INFO 48016 --- [    Test worker] com.zaxxer.hikari.HikariDataSource       : HikariPool-1 - Start completed.
2023-10-20 18:40:04.660  INFO 48016 --- [    Test worker] org.hibernate.dialect.Dialect            : HHH000400: Using dialect: org.hibernate.dialect.H2Dialect
Hibernate: 
    
    drop table if exists task CASCADE 
2023-10-20 18:40:04.897  INFO 48016 --- [    Test worker] p6spy                                    : #1697794804897 | took 0ms | statement | connection 1| url jdbc:h2:mem:test

    drop table if exists task CASCADE 

    drop table if exists task CASCADE ;
Hibernate: 
    
    drop sequence if exists hibernate_sequence
2023-10-20 18:40:04.898  INFO 48016 --- [    Test worker] p6spy                                    : #1697794804898 | took 0ms | statement | connection 1| url jdbc:h2:mem:test

    drop sequence if exists hibernate_sequence

    drop sequence if exists hibernate_sequence;
Hibernate: create sequence hibernate_sequence start with 1 increment by 1
2023-10-20 18:40:04.900  INFO 48016 --- [    Test worker] p6spy                                    : #1697794804900 | took 0ms | statement | connection 2| url jdbc:h2:mem:test
create sequence hibernate_sequence start with 1 increment by 1
create sequence hibernate_sequence start with 1 increment by 1;
Hibernate: 
    
    create table task (
       task_id bigint not null,
        name varchar(255),
        priority varchar(255),
        reg_date timestamp,
        status varchar(255),
        primary key (task_id)
    )
2023-10-20 18:40:04.903  INFO 48016 --- [    Test worker] p6spy                                    : #1697794804903 | took 2ms | statement | connection 2| url jdbc:h2:mem:test

    create table task (
       task_id bigint not null,
        name varchar(255),
        priority varchar(255),
        reg_date timestamp,
        status varchar(255),
        primary key (task_id)
    )

    create table task (
       task_id bigint not null,
        name varchar(255),
        priority varchar(255),
        reg_date timestamp,
        status varchar(255),
        primary key (task_id)
    );
Hibernate: 
    
    alter table task 
       add constraint UK_lerptdo9d67pejjpbfau899tm unique (name)
2023-10-20 18:40:04.904  INFO 48016 --- [    Test worker] p6spy                                    : #1697794804904 | took 0ms | statement | connection 2| url jdbc:h2:mem:test

    alter table task 
       add constraint UK_lerptdo9d67pejjpbfau899tm unique (name)

    alter table task 
       add constraint UK_lerptdo9d67pejjpbfau899tm unique (name);
2023-10-20 18:40:04.905  INFO 48016 --- [    Test worker] o.h.e.t.j.p.i.JtaPlatformInitiator       : HHH000490: Using JtaPlatform implementation: [org.hibernate.engine.transaction.jta.platform.internal.NoJtaPlatform]
2023-10-20 18:40:04.909  INFO 48016 --- [    Test worker] j.LocalContainerEntityManagerFactoryBean : Initialized JPA EntityManagerFactory for persistence unit 'default'
2023-10-20 18:40:05.028  WARN 48016 --- [    Test worker] JpaBaseConfiguration$JpaWebConfiguration : spring.jpa.open-in-view is enabled by default. Therefore, database queries may be performed during view rendering. Explicitly configure spring.jpa.open-in-view to disable this warning
2023-10-20 18:40:05.276  INFO 48016 --- [    Test worker] com.example.todo.domain.TaskTest         : Started TaskTest in 1.702 seconds (JVM running for 2.237)
2023-10-20 18:40:05.322  INFO 48016 --- [    Test worker] o.s.t.c.transaction.TransactionContext   : Began transaction (1) for test context [DefaultTestContext@64711bf2 testClass = TaskTest, testInstance = com.example.todo.domain.TaskTest@4a0f4282, testMethod = 할일_시간_내림차순_조회@TaskTest, testException = [null], mergedContextConfiguration = [WebMergedContextConfiguration@169da7f2 testClass = TaskTest, locations = '{}', classes = '{class com.example.todo.TodoApplication}', contextInitializerClasses = '[]', activeProfiles = '{}', propertySourceLocations = '{}', propertySourceProperties = '{org.springframework.boot.test.context.SpringBootTestContextBootstrapper=true}', contextCustomizers = set[org.springframework.boot.test.autoconfigure.actuate.metrics.MetricsExportContextCustomizerFactory$DisableMetricExportContextCustomizer@6c5945a7, org.springframework.boot.test.autoconfigure.properties.PropertyMappingContextCustomizer@0, org.springframework.boot.test.autoconfigure.web.servlet.WebDriverContextCustomizerFactory$Customizer@6e6d5d29, org.springframework.boot.test.context.filter.ExcludeFilterContextCustomizer@48a12036, org.springframework.boot.test.json.DuplicateJsonObjectContextCustomizerFactory$DuplicateJsonObjectContextCustomizer@4e858e0a, org.springframework.boot.test.mock.mockito.MockitoContextCustomizer@0, org.springframework.boot.test.web.client.TestRestTemplateContextCustomizer@7096b474, org.springframework.boot.test.context.SpringBootTestArgs@1, org.springframework.boot.test.context.SpringBootTestWebEnvironment@63dd899], resourceBasePath = 'src/main/webapp', contextLoader = 'org.springframework.boot.test.context.SpringBootContextLoader', parent = [null]], attributes = map['org.springframework.test.context.web.ServletTestExecutionListener.activateListener' -> true, 'org.springframework.test.context.web.ServletTestExecutionListener.populatedRequestContextHolder' -> true, 'org.springframework.test.context.web.ServletTestExecutionListener.resetRequestContextHolder' -> true, 'org.springframework.test.context.event.ApplicationEventsTestExecutionListener.recordApplicationEvents' -> false]]; transaction manager [org.springframework.orm.jpa.JpaTransactionManager@4626f584]; rollback [true]
Hibernate: 
    select
        task0_.task_id as task_id1_0_,
        task0_.name as name2_0_,
        task0_.priority as priority3_0_,
        task0_.reg_date as reg_date4_0_,
        task0_.status as status5_0_ 
    from
        task task0_ 
    where
        task0_.name=?
2023-10-20 18:40:05.430  INFO 48016 --- [    Test worker] p6spy                                    : #1697794805430 | took 4ms | statement | connection 3| url jdbc:h2:mem:test
select task0_.task_id as task_id1_0_, task0_.name as name2_0_, task0_.priority as priority3_0_, task0_.reg_date as reg_date4_0_, task0_.status as status5_0_ from task task0_ where task0_.name=?
select task0_.task_id as task_id1_0_, task0_.name as name2_0_, task0_.priority as priority3_0_, task0_.reg_date as reg_date4_0_, task0_.status as status5_0_ from task task0_ where task0_.name='task1';
Hibernate: 
    call next value for hibernate_sequence
2023-10-20 18:40:05.438  INFO 48016 --- [    Test worker] p6spy                                    : #1697794805438 | took 0ms | statement | connection 3| url jdbc:h2:mem:test
call next value for hibernate_sequence
call next value for hibernate_sequence;
Hibernate: 
    insert 
    into
        task
        (name, priority, reg_date, status, task_id) 
    values
        (?, ?, ?, ?, ?)
2023-10-20 18:40:05.449  INFO 48016 --- [    Test worker] p6spy                                    : #1697794805449 | took 0ms | statement | connection 3| url jdbc:h2:mem:test
insert into task (name, priority, reg_date, status, task_id) values (?, ?, ?, ?, ?)
insert into task (name, priority, reg_date, status, task_id) values ('task1', 'HIGH', '2023-10-20T18:40:05.435+0900', 'TODO', 1);
Hibernate: 
    select
        task0_.task_id as task_id1_0_,
        task0_.name as name2_0_,
        task0_.priority as priority3_0_,
        task0_.reg_date as reg_date4_0_,
        task0_.status as status5_0_ 
    from
        task task0_ 
    where
        task0_.name=?
2023-10-20 18:40:05.450  INFO 48016 --- [    Test worker] p6spy                                    : #1697794805450 | took 0ms | statement | connection 3| url jdbc:h2:mem:test
select task0_.task_id as task_id1_0_, task0_.name as name2_0_, task0_.priority as priority3_0_, task0_.reg_date as reg_date4_0_, task0_.status as status5_0_ from task task0_ where task0_.name=?
select task0_.task_id as task_id1_0_, task0_.name as name2_0_, task0_.priority as priority3_0_, task0_.reg_date as reg_date4_0_, task0_.status as status5_0_ from task task0_ where task0_.name='task2';
Hibernate: 
    call next value for hibernate_sequence
2023-10-20 18:40:05.451  INFO 48016 --- [    Test worker] p6spy                                    : #1697794805451 | took 0ms | statement | connection 3| url jdbc:h2:mem:test
call next value for hibernate_sequence
call next value for hibernate_sequence;
Hibernate: 
    insert 
    into
        task
        (name, priority, reg_date, status, task_id) 
    values
        (?, ?, ?, ?, ?)
2023-10-20 18:40:05.454  INFO 48016 --- [    Test worker] p6spy                                    : #1697794805454 | took 0ms | statement | connection 3| url jdbc:h2:mem:test
insert into task (name, priority, reg_date, status, task_id) values (?, ?, ?, ?, ?)
insert into task (name, priority, reg_date, status, task_id) values ('task2', 'HIGH', '2023-10-20T18:40:05.451+0900', 'TODO', 2);
Hibernate: 
    select
        task0_.task_id as task_id1_0_,
        task0_.name as name2_0_,
        task0_.priority as priority3_0_,
        task0_.reg_date as reg_date4_0_,
        task0_.status as status5_0_ 
    from
        task task0_ 
    order by
        task0_.reg_date desc
2023-10-20 18:40:05.454  INFO 48016 --- [    Test worker] p6spy                                    : #1697794805454 | took 0ms | statement | connection 3| url jdbc:h2:mem:test
select task0_.task_id as task_id1_0_, task0_.name as name2_0_, task0_.priority as priority3_0_, task0_.reg_date as reg_date4_0_, task0_.status as status5_0_ from task task0_ order by task0_.reg_date desc
select task0_.task_id as task_id1_0_, task0_.name as name2_0_, task0_.priority as priority3_0_, task0_.reg_date as reg_date4_0_, task0_.status as status5_0_ from task task0_ order by task0_.reg_date desc;
2023-10-20 18:40:05.460  INFO 48016 --- [    Test worker] p6spy                                    : #1697794805460 | took 0ms | rollback | connection 3| url jdbc:h2:mem:test

;
2023-10-20 18:40:05.460  INFO 48016 --- [    Test worker] o.s.t.c.transaction.TransactionContext   : Rolled back transaction for test: [DefaultTestContext@64711bf2 testClass = TaskTest, testInstance = com.example.todo.domain.TaskTest@4a0f4282, testMethod = 할일_시간_내림차순_조회@TaskTest, testException = [null], mergedContextConfiguration = [WebMergedContextConfiguration@169da7f2 testClass = TaskTest, locations = '{}', classes = '{class com.example.todo.TodoApplication}', contextInitializerClasses = '[]', activeProfiles = '{}', propertySourceLocations = '{}', propertySourceProperties = '{org.springframework.boot.test.context.SpringBootTestContextBootstrapper=true}', contextCustomizers = set[org.springframework.boot.test.autoconfigure.actuate.metrics.MetricsExportContextCustomizerFactory$DisableMetricExportContextCustomizer@6c5945a7, org.springframework.boot.test.autoconfigure.properties.PropertyMappingContextCustomizer@0, org.springframework.boot.test.autoconfigure.web.servlet.WebDriverContextCustomizerFactory$Customizer@6e6d5d29, org.springframework.boot.test.context.filter.ExcludeFilterContextCustomizer@48a12036, org.springframework.boot.test.json.DuplicateJsonObjectContextCustomizerFactory$DuplicateJsonObjectContextCustomizer@4e858e0a, org.springframework.boot.test.mock.mockito.MockitoContextCustomizer@0, org.springframework.boot.test.web.client.TestRestTemplateContextCustomizer@7096b474, org.springframework.boot.test.context.SpringBootTestArgs@1, org.springframework.boot.test.context.SpringBootTestWebEnvironment@63dd899], resourceBasePath = 'src/main/webapp', contextLoader = 'org.springframework.boot.test.context.SpringBootContextLoader', parent = [null]], attributes = map['org.springframework.test.context.web.ServletTestExecutionListener.activateListener' -> true, 'org.springframework.test.context.web.ServletTestExecutionListener.populatedRequestContextHolder' -> true, 'org.springframework.test.context.web.ServletTestExecutionListener.resetRequestContextHolder' -> true, 'org.springframework.test.context.event.ApplicationEventsTestExecutionListener.recordApplicationEvents' -> false]]
]]></system-out>
  <system-err><![CDATA[]]></system-err>
</testsuite>
