<?xml version="1.0" encoding="UTF-8"?>
<testsuite name="com.example.todo.domain.TaskTest" tests="1" skipped="0" failures="0" errors="0" timestamp="2023-10-20T08:15:47" hostname="myMac" time="0.163">
  <properties/>
  <testcase name="할일_수정" classname="com.example.todo.domain.TaskTest" time="0.163"/>
  <system-out><![CDATA[17:15:45.873 [Test worker] DEBUG org.springframework.test.annotation.ProfileValueUtils - Retrieved @ProfileValueSourceConfiguration [null] for test class [com.example.todo.domain.TaskTest]
17:15:45.873 [Test worker] DEBUG org.springframework.test.annotation.ProfileValueUtils - Retrieved ProfileValueSource type [class org.springframework.test.annotation.SystemProfileValueSource] for class [com.example.todo.domain.TaskTest]
17:15:45.874 [Test worker] DEBUG org.springframework.test.annotation.ProfileValueUtils - Retrieved @ProfileValueSourceConfiguration [null] for test class [com.example.todo.domain.TaskTest]
17:15:45.874 [Test worker] DEBUG org.springframework.test.annotation.ProfileValueUtils - Retrieved ProfileValueSource type [class org.springframework.test.annotation.SystemProfileValueSource] for class [com.example.todo.domain.TaskTest]
17:15:45.875 [Test worker] DEBUG org.springframework.test.context.support.AbstractDirtiesContextTestExecutionListener - Before test class: context [DefaultTestContext@18151a14 testClass = TaskTest, testInstance = [null], testMethod = [null], testException = [null], mergedContextConfiguration = [WebMergedContextConfiguration@64711bf2 testClass = TaskTest, locations = '{}', classes = '{class com.example.todo.TodoApplication}', contextInitializerClasses = '[]', activeProfiles = '{}', propertySourceLocations = '{}', propertySourceProperties = '{org.springframework.boot.test.context.SpringBootTestContextBootstrapper=true}', contextCustomizers = set[org.springframework.boot.test.autoconfigure.actuate.metrics.MetricsExportContextCustomizerFactory$DisableMetricExportContextCustomizer@68fa0ba8, org.springframework.boot.test.autoconfigure.properties.PropertyMappingContextCustomizer@0, org.springframework.boot.test.autoconfigure.web.servlet.WebDriverContextCustomizerFactory$Customizer@5286c33a, org.springframework.boot.test.context.filter.ExcludeFilterContextCustomizer@c5ee75e, org.springframework.boot.test.json.DuplicateJsonObjectContextCustomizerFactory$DuplicateJsonObjectContextCustomizer@4a11eb84, org.springframework.boot.test.mock.mockito.MockitoContextCustomizer@0, org.springframework.boot.test.web.client.TestRestTemplateContextCustomizer@4bd1f8dd, org.springframework.boot.test.context.SpringBootTestArgs@1, org.springframework.boot.test.context.SpringBootTestWebEnvironment@663411de], resourceBasePath = 'src/main/webapp', contextLoader = 'org.springframework.boot.test.context.SpringBootContextLoader', parent = [null]], attributes = map['org.springframework.test.context.web.ServletTestExecutionListener.activateListener' -> true]], class annotated with @DirtiesContext [false] with mode [null].
17:15:45.876 [Test worker] DEBUG org.springframework.test.annotation.ProfileValueUtils - Retrieved @ProfileValueSourceConfiguration [null] for test class [com.example.todo.domain.TaskTest]
17:15:45.876 [Test worker] DEBUG org.springframework.test.annotation.ProfileValueUtils - Retrieved ProfileValueSource type [class org.springframework.test.annotation.SystemProfileValueSource] for class [com.example.todo.domain.TaskTest]

  .   ____          _            __ _ _
 /\\ / ___'_ __ _ _(_)_ __  __ _ \ \ \ \
( ( )\___ | '_ | '_| | '_ \/ _` | \ \ \ \
 \\/  ___)| |_)| | | | | || (_| |  ) ) ) )
  '  |____| .__|_| |_|_| |_\__, | / / / /
 =========|_|==============|___/=/_/_/_/
 :: Spring Boot ::               (v2.7.16)

2023-10-20 17:15:46.032  INFO 46196 --- [    Test worker] com.example.todo.domain.TaskTest         : Starting TaskTest using Java 11.0.20.1 on myMac with PID 46196 (started by hwangdoyun in /Users/hwangdoyun/MainFolder/study/todo)
2023-10-20 17:15:46.032  INFO 46196 --- [    Test worker] com.example.todo.domain.TaskTest         : No active profile set, falling back to 1 default profile: "default"
2023-10-20 17:15:46.288  INFO 46196 --- [    Test worker] .s.d.r.c.RepositoryConfigurationDelegate : Bootstrapping Spring Data JPA repositories in DEFAULT mode.
2023-10-20 17:15:46.295  INFO 46196 --- [    Test worker] .s.d.r.c.RepositoryConfigurationDelegate : Finished Spring Data repository scanning in 2 ms. Found 0 JPA repository interfaces.
2023-10-20 17:15:46.594  INFO 46196 --- [    Test worker] o.hibernate.jpa.internal.util.LogHelper  : HHH000204: Processing PersistenceUnitInfo [name: default]
2023-10-20 17:15:46.619  INFO 46196 --- [    Test worker] org.hibernate.Version                    : HHH000412: Hibernate ORM core version 5.6.15.Final
2023-10-20 17:15:46.698  INFO 46196 --- [    Test worker] o.hibernate.annotations.common.Version   : HCANN000001: Hibernate Commons Annotations {5.1.2.Final}
2023-10-20 17:15:46.741  INFO 46196 --- [    Test worker] com.zaxxer.hikari.HikariDataSource       : HikariPool-1 - Starting...
2023-10-20 17:15:46.829  INFO 46196 --- [    Test worker] com.zaxxer.hikari.HikariDataSource       : HikariPool-1 - Start completed.
2023-10-20 17:15:46.844  INFO 46196 --- [    Test worker] org.hibernate.dialect.Dialect            : HHH000400: Using dialect: org.hibernate.dialect.H2Dialect
Hibernate: 
    
    drop table if exists task CASCADE 
2023-10-20 17:15:47.089  INFO 46196 --- [    Test worker] p6spy                                    : #1697789747089 | took 0ms | statement | connection 1| url jdbc:h2:mem:test

    drop table if exists task CASCADE 

    drop table if exists task CASCADE ;
Hibernate: 
    
    drop sequence if exists hibernate_sequence
2023-10-20 17:15:47.090  INFO 46196 --- [    Test worker] p6spy                                    : #1697789747090 | took 0ms | statement | connection 1| url jdbc:h2:mem:test

    drop sequence if exists hibernate_sequence

    drop sequence if exists hibernate_sequence;
Hibernate: create sequence hibernate_sequence start with 1 increment by 1
2023-10-20 17:15:47.092  INFO 46196 --- [    Test worker] p6spy                                    : #1697789747092 | took 0ms | statement | connection 2| url jdbc:h2:mem:test
create sequence hibernate_sequence start with 1 increment by 1
create sequence hibernate_sequence start with 1 increment by 1;
Hibernate: 
    
    create table task (
       task_id bigint not null,
        name varchar(255),
        priority varchar(255),
        reg_date timestamp,
        status varchar(255),
        primary key (task_id)
    )
2023-10-20 17:15:47.095  INFO 46196 --- [    Test worker] p6spy                                    : #1697789747095 | took 1ms | statement | connection 2| url jdbc:h2:mem:test

    create table task (
       task_id bigint not null,
        name varchar(255),
        priority varchar(255),
        reg_date timestamp,
        status varchar(255),
        primary key (task_id)
    )

    create table task (
       task_id bigint not null,
        name varchar(255),
        priority varchar(255),
        reg_date timestamp,
        status varchar(255),
        primary key (task_id)
    );
Hibernate: 
    
    alter table task 
       add constraint UK_lerptdo9d67pejjpbfau899tm unique (name)
2023-10-20 17:15:47.096  INFO 46196 --- [    Test worker] p6spy                                    : #1697789747096 | took 0ms | statement | connection 2| url jdbc:h2:mem:test

    alter table task 
       add constraint UK_lerptdo9d67pejjpbfau899tm unique (name)

    alter table task 
       add constraint UK_lerptdo9d67pejjpbfau899tm unique (name);
2023-10-20 17:15:47.096  INFO 46196 --- [    Test worker] o.h.e.t.j.p.i.JtaPlatformInitiator       : HHH000490: Using JtaPlatform implementation: [org.hibernate.engine.transaction.jta.platform.internal.NoJtaPlatform]
2023-10-20 17:15:47.101  INFO 46196 --- [    Test worker] j.LocalContainerEntityManagerFactoryBean : Initialized JPA EntityManagerFactory for persistence unit 'default'
2023-10-20 17:15:47.212  WARN 46196 --- [    Test worker] JpaBaseConfiguration$JpaWebConfiguration : spring.jpa.open-in-view is enabled by default. Therefore, database queries may be performed during view rendering. Explicitly configure spring.jpa.open-in-view to disable this warning
2023-10-20 17:15:47.454  INFO 46196 --- [    Test worker] com.example.todo.domain.TaskTest         : Started TaskTest in 1.564 seconds (JVM running for 2.077)
2023-10-20 17:15:47.503  INFO 46196 --- [    Test worker] o.s.t.c.transaction.TransactionContext   : Began transaction (1) for test context [DefaultTestContext@18151a14 testClass = TaskTest, testInstance = com.example.todo.domain.TaskTest@80b6098, testMethod = 할일_수정@TaskTest, testException = [null], mergedContextConfiguration = [WebMergedContextConfiguration@64711bf2 testClass = TaskTest, locations = '{}', classes = '{class com.example.todo.TodoApplication}', contextInitializerClasses = '[]', activeProfiles = '{}', propertySourceLocations = '{}', propertySourceProperties = '{org.springframework.boot.test.context.SpringBootTestContextBootstrapper=true}', contextCustomizers = set[org.springframework.boot.test.autoconfigure.actuate.metrics.MetricsExportContextCustomizerFactory$DisableMetricExportContextCustomizer@68fa0ba8, org.springframework.boot.test.autoconfigure.properties.PropertyMappingContextCustomizer@0, org.springframework.boot.test.autoconfigure.web.servlet.WebDriverContextCustomizerFactory$Customizer@5286c33a, org.springframework.boot.test.context.filter.ExcludeFilterContextCustomizer@c5ee75e, org.springframework.boot.test.json.DuplicateJsonObjectContextCustomizerFactory$DuplicateJsonObjectContextCustomizer@4a11eb84, org.springframework.boot.test.mock.mockito.MockitoContextCustomizer@0, org.springframework.boot.test.web.client.TestRestTemplateContextCustomizer@4bd1f8dd, org.springframework.boot.test.context.SpringBootTestArgs@1, org.springframework.boot.test.context.SpringBootTestWebEnvironment@663411de], resourceBasePath = 'src/main/webapp', contextLoader = 'org.springframework.boot.test.context.SpringBootContextLoader', parent = [null]], attributes = map['org.springframework.test.context.web.ServletTestExecutionListener.activateListener' -> true, 'org.springframework.test.context.web.ServletTestExecutionListener.populatedRequestContextHolder' -> true, 'org.springframework.test.context.web.ServletTestExecutionListener.resetRequestContextHolder' -> true, 'org.springframework.test.context.event.ApplicationEventsTestExecutionListener.recordApplicationEvents' -> false]]; transaction manager [org.springframework.orm.jpa.JpaTransactionManager@46146832]; rollback [true]
Hibernate: 
    select
        task0_.task_id as task_id1_0_,
        task0_.name as name2_0_,
        task0_.priority as priority3_0_,
        task0_.reg_date as reg_date4_0_,
        task0_.status as status5_0_ 
    from
        task task0_ 
    where
        task0_.name=?
2023-10-20 17:15:47.614  INFO 46196 --- [    Test worker] p6spy                                    : #1697789747614 | took 4ms | statement | connection 3| url jdbc:h2:mem:test
select task0_.task_id as task_id1_0_, task0_.name as name2_0_, task0_.priority as priority3_0_, task0_.reg_date as reg_date4_0_, task0_.status as status5_0_ from task task0_ where task0_.name=?
select task0_.task_id as task_id1_0_, task0_.name as name2_0_, task0_.priority as priority3_0_, task0_.reg_date as reg_date4_0_, task0_.status as status5_0_ from task task0_ where task0_.name='task';
Hibernate: 
    call next value for hibernate_sequence
2023-10-20 17:15:47.621  INFO 46196 --- [    Test worker] p6spy                                    : #1697789747621 | took 0ms | statement | connection 3| url jdbc:h2:mem:test
call next value for hibernate_sequence
call next value for hibernate_sequence;
2023-10-20 17:15:47.632  INFO 46196 --- [    Test worker] p6spy                                    : #1697789747632 | took 0ms | rollback | connection 3| url jdbc:h2:mem:test

;
2023-10-20 17:15:47.633  INFO 46196 --- [    Test worker] o.s.t.c.transaction.TransactionContext   : Rolled back transaction for test: [DefaultTestContext@18151a14 testClass = TaskTest, testInstance = com.example.todo.domain.TaskTest@80b6098, testMethod = 할일_수정@TaskTest, testException = [null], mergedContextConfiguration = [WebMergedContextConfiguration@64711bf2 testClass = TaskTest, locations = '{}', classes = '{class com.example.todo.TodoApplication}', contextInitializerClasses = '[]', activeProfiles = '{}', propertySourceLocations = '{}', propertySourceProperties = '{org.springframework.boot.test.context.SpringBootTestContextBootstrapper=true}', contextCustomizers = set[org.springframework.boot.test.autoconfigure.actuate.metrics.MetricsExportContextCustomizerFactory$DisableMetricExportContextCustomizer@68fa0ba8, org.springframework.boot.test.autoconfigure.properties.PropertyMappingContextCustomizer@0, org.springframework.boot.test.autoconfigure.web.servlet.WebDriverContextCustomizerFactory$Customizer@5286c33a, org.springframework.boot.test.context.filter.ExcludeFilterContextCustomizer@c5ee75e, org.springframework.boot.test.json.DuplicateJsonObjectContextCustomizerFactory$DuplicateJsonObjectContextCustomizer@4a11eb84, org.springframework.boot.test.mock.mockito.MockitoContextCustomizer@0, org.springframework.boot.test.web.client.TestRestTemplateContextCustomizer@4bd1f8dd, org.springframework.boot.test.context.SpringBootTestArgs@1, org.springframework.boot.test.context.SpringBootTestWebEnvironment@663411de], resourceBasePath = 'src/main/webapp', contextLoader = 'org.springframework.boot.test.context.SpringBootContextLoader', parent = [null]], attributes = map['org.springframework.test.context.web.ServletTestExecutionListener.activateListener' -> true, 'org.springframework.test.context.web.ServletTestExecutionListener.populatedRequestContextHolder' -> true, 'org.springframework.test.context.web.ServletTestExecutionListener.resetRequestContextHolder' -> true, 'org.springframework.test.context.event.ApplicationEventsTestExecutionListener.recordApplicationEvents' -> false]]
]]></system-out>
  <system-err><![CDATA[]]></system-err>
</testsuite>
