<?xml version="1.0" encoding="UTF-8"?>
<testsuite name="com.example.todo.domain.TaskTest" tests="1" skipped="0" failures="0" errors="0" timestamp="2023-10-23T06:38:24" hostname="myMac" time="0.167">
  <properties/>
  <testcase name="할일_시간_내림차순_조회" classname="com.example.todo.domain.TaskTest" time="0.167"/>
  <system-out><![CDATA[15:38:22.530 [Test worker] DEBUG org.springframework.test.annotation.ProfileValueUtils - Retrieved @ProfileValueSourceConfiguration [null] for test class [com.example.todo.domain.TaskTest]
15:38:22.530 [Test worker] DEBUG org.springframework.test.annotation.ProfileValueUtils - Retrieved ProfileValueSource type [class org.springframework.test.annotation.SystemProfileValueSource] for class [com.example.todo.domain.TaskTest]
15:38:22.530 [Test worker] DEBUG org.springframework.test.annotation.ProfileValueUtils - Retrieved @ProfileValueSourceConfiguration [null] for test class [com.example.todo.domain.TaskTest]
15:38:22.530 [Test worker] DEBUG org.springframework.test.annotation.ProfileValueUtils - Retrieved ProfileValueSource type [class org.springframework.test.annotation.SystemProfileValueSource] for class [com.example.todo.domain.TaskTest]
15:38:22.533 [Test worker] DEBUG org.springframework.test.context.support.AbstractDirtiesContextTestExecutionListener - Before test class: context [DefaultTestContext@56bc3fac testClass = TaskTest, testInstance = [null], testMethod = [null], testException = [null], mergedContextConfiguration = [WebMergedContextConfiguration@df4b72 testClass = TaskTest, locations = '{}', classes = '{class com.example.todo.TodoApplication}', contextInitializerClasses = '[]', activeProfiles = '{}', propertySourceLocations = '{}', propertySourceProperties = '{org.springframework.boot.test.context.SpringBootTestContextBootstrapper=true}', contextCustomizers = set[org.springframework.boot.test.autoconfigure.actuate.metrics.MetricsExportContextCustomizerFactory$DisableMetricExportContextCustomizer@64a8c844, org.springframework.boot.test.autoconfigure.properties.PropertyMappingContextCustomizer@0, org.springframework.boot.test.autoconfigure.web.servlet.WebDriverContextCustomizerFactory$Customizer@bf1ec20, org.springframework.boot.test.context.filter.ExcludeFilterContextCustomizer@435fb7b5, org.springframework.boot.test.json.DuplicateJsonObjectContextCustomizerFactory$DuplicateJsonObjectContextCustomizer@1c3146bc, org.springframework.boot.test.mock.mockito.MockitoContextCustomizer@0, org.springframework.boot.test.web.client.TestRestTemplateContextCustomizer@5d1659ea, org.springframework.boot.test.context.SpringBootTestArgs@1, org.springframework.boot.test.context.SpringBootTestWebEnvironment@9ef8eb7], resourceBasePath = 'src/main/webapp', contextLoader = 'org.springframework.boot.test.context.SpringBootContextLoader', parent = [null]], attributes = map['org.springframework.test.context.web.ServletTestExecutionListener.activateListener' -> true]], class annotated with @DirtiesContext [false] with mode [null].
15:38:22.533 [Test worker] DEBUG org.springframework.test.annotation.ProfileValueUtils - Retrieved @ProfileValueSourceConfiguration [null] for test class [com.example.todo.domain.TaskTest]
15:38:22.533 [Test worker] DEBUG org.springframework.test.annotation.ProfileValueUtils - Retrieved ProfileValueSource type [class org.springframework.test.annotation.SystemProfileValueSource] for class [com.example.todo.domain.TaskTest]

  .   ____          _            __ _ _
 /\\ / ___'_ __ _ _(_)_ __  __ _ \ \ \ \
( ( )\___ | '_ | '_| | '_ \/ _` | \ \ \ \
 \\/  ___)| |_)| | | | | || (_| |  ) ) ) )
  '  |____| .__|_| |_|_| |_\__, | / / / /
 =========|_|==============|___/=/_/_/_/
 :: Spring Boot ::               (v2.7.16)

2023-10-23 15:38:22.685  INFO 81823 --- [    Test worker] com.example.todo.domain.TaskTest         : Starting TaskTest using Java 11.0.20.1 on myMac with PID 81823 (started by hwangdoyun in /Users/hwangdoyun/MainFolder/study/todo)
2023-10-23 15:38:22.686  INFO 81823 --- [    Test worker] com.example.todo.domain.TaskTest         : No active profile set, falling back to 1 default profile: "default"
2023-10-23 15:38:22.957  INFO 81823 --- [    Test worker] .s.d.r.c.RepositoryConfigurationDelegate : Bootstrapping Spring Data JPA repositories in DEFAULT mode.
2023-10-23 15:38:22.963  INFO 81823 --- [    Test worker] .s.d.r.c.RepositoryConfigurationDelegate : Finished Spring Data repository scanning in 2 ms. Found 0 JPA repository interfaces.
2023-10-23 15:38:23.244  INFO 81823 --- [    Test worker] o.hibernate.jpa.internal.util.LogHelper  : HHH000204: Processing PersistenceUnitInfo [name: default]
2023-10-23 15:38:23.266  INFO 81823 --- [    Test worker] org.hibernate.Version                    : HHH000412: Hibernate ORM core version 5.6.15.Final
2023-10-23 15:38:23.356  INFO 81823 --- [    Test worker] o.hibernate.annotations.common.Version   : HCANN000001: Hibernate Commons Annotations {5.1.2.Final}
2023-10-23 15:38:23.397  INFO 81823 --- [    Test worker] com.zaxxer.hikari.HikariDataSource       : HikariPool-1 - Starting...
2023-10-23 15:38:23.486  INFO 81823 --- [    Test worker] com.zaxxer.hikari.HikariDataSource       : HikariPool-1 - Start completed.
2023-10-23 15:38:23.501  INFO 81823 --- [    Test worker] org.hibernate.dialect.Dialect            : HHH000400: Using dialect: org.hibernate.dialect.H2Dialect
Hibernate: 
    
    drop table if exists task CASCADE 
2023-10-23 15:38:23.777  INFO 81823 --- [    Test worker] p6spy                                    : #1698043103777 | took 0ms | statement | connection 1| url jdbc:h2:mem:test

    drop table if exists task CASCADE 

    drop table if exists task CASCADE ;
Hibernate: 
    
    drop sequence if exists hibernate_sequence
2023-10-23 15:38:23.778  INFO 81823 --- [    Test worker] p6spy                                    : #1698043103778 | took 0ms | statement | connection 1| url jdbc:h2:mem:test

    drop sequence if exists hibernate_sequence

    drop sequence if exists hibernate_sequence;
Hibernate: create sequence hibernate_sequence start with 1 increment by 1
2023-10-23 15:38:23.781  INFO 81823 --- [    Test worker] p6spy                                    : #1698043103781 | took 1ms | statement | connection 2| url jdbc:h2:mem:test
create sequence hibernate_sequence start with 1 increment by 1
create sequence hibernate_sequence start with 1 increment by 1;
Hibernate: 
    
    create table task (
       task_id bigint not null,
        name varchar(255),
        priority varchar(255),
        reg_date timestamp,
        status varchar(255),
        primary key (task_id)
    )
2023-10-23 15:38:23.785  INFO 81823 --- [    Test worker] p6spy                                    : #1698043103785 | took 2ms | statement | connection 2| url jdbc:h2:mem:test

    create table task (
       task_id bigint not null,
        name varchar(255),
        priority varchar(255),
        reg_date timestamp,
        status varchar(255),
        primary key (task_id)
    )

    create table task (
       task_id bigint not null,
        name varchar(255),
        priority varchar(255),
        reg_date timestamp,
        status varchar(255),
        primary key (task_id)
    );
Hibernate: 
    
    alter table task 
       add constraint UK_lerptdo9d67pejjpbfau899tm unique (name)
2023-10-23 15:38:23.787  INFO 81823 --- [    Test worker] p6spy                                    : #1698043103787 | took 0ms | statement | connection 2| url jdbc:h2:mem:test

    alter table task 
       add constraint UK_lerptdo9d67pejjpbfau899tm unique (name)

    alter table task 
       add constraint UK_lerptdo9d67pejjpbfau899tm unique (name);
2023-10-23 15:38:23.788  INFO 81823 --- [    Test worker] o.h.e.t.j.p.i.JtaPlatformInitiator       : HHH000490: Using JtaPlatform implementation: [org.hibernate.engine.transaction.jta.platform.internal.NoJtaPlatform]
2023-10-23 15:38:23.793  INFO 81823 --- [    Test worker] j.LocalContainerEntityManagerFactoryBean : Initialized JPA EntityManagerFactory for persistence unit 'default'
2023-10-23 15:38:23.898  WARN 81823 --- [    Test worker] JpaBaseConfiguration$JpaWebConfiguration : spring.jpa.open-in-view is enabled by default. Therefore, database queries may be performed during view rendering. Explicitly configure spring.jpa.open-in-view to disable this warning
2023-10-23 15:38:24.159  INFO 81823 --- [    Test worker] com.example.todo.domain.TaskTest         : Started TaskTest in 1.613 seconds (JVM running for 2.132)
2023-10-23 15:38:24.203  INFO 81823 --- [    Test worker] o.s.t.c.transaction.TransactionContext   : Began transaction (1) for test context [DefaultTestContext@56bc3fac testClass = TaskTest, testInstance = com.example.todo.domain.TaskTest@df04d12, testMethod = 할일_시간_내림차순_조회@TaskTest, testException = [null], mergedContextConfiguration = [WebMergedContextConfiguration@df4b72 testClass = TaskTest, locations = '{}', classes = '{class com.example.todo.TodoApplication}', contextInitializerClasses = '[]', activeProfiles = '{}', propertySourceLocations = '{}', propertySourceProperties = '{org.springframework.boot.test.context.SpringBootTestContextBootstrapper=true}', contextCustomizers = set[org.springframework.boot.test.autoconfigure.actuate.metrics.MetricsExportContextCustomizerFactory$DisableMetricExportContextCustomizer@64a8c844, org.springframework.boot.test.autoconfigure.properties.PropertyMappingContextCustomizer@0, org.springframework.boot.test.autoconfigure.web.servlet.WebDriverContextCustomizerFactory$Customizer@bf1ec20, org.springframework.boot.test.context.filter.ExcludeFilterContextCustomizer@435fb7b5, org.springframework.boot.test.json.DuplicateJsonObjectContextCustomizerFactory$DuplicateJsonObjectContextCustomizer@1c3146bc, org.springframework.boot.test.mock.mockito.MockitoContextCustomizer@0, org.springframework.boot.test.web.client.TestRestTemplateContextCustomizer@5d1659ea, org.springframework.boot.test.context.SpringBootTestArgs@1, org.springframework.boot.test.context.SpringBootTestWebEnvironment@9ef8eb7], resourceBasePath = 'src/main/webapp', contextLoader = 'org.springframework.boot.test.context.SpringBootContextLoader', parent = [null]], attributes = map['org.springframework.test.context.web.ServletTestExecutionListener.activateListener' -> true, 'org.springframework.test.context.web.ServletTestExecutionListener.populatedRequestContextHolder' -> true, 'org.springframework.test.context.web.ServletTestExecutionListener.resetRequestContextHolder' -> true, 'org.springframework.test.context.event.ApplicationEventsTestExecutionListener.recordApplicationEvents' -> false]]; transaction manager [org.springframework.orm.jpa.JpaTransactionManager@a319a2e]; rollback [true]
Hibernate: 
    select
        task0_.task_id as task_id1_0_,
        task0_.name as name2_0_,
        task0_.priority as priority3_0_,
        task0_.reg_date as reg_date4_0_,
        task0_.status as status5_0_ 
    from
        task task0_ 
    where
        task0_.name=?
2023-10-23 15:38:24.305  INFO 81823 --- [    Test worker] p6spy                                    : #1698043104305 | took 4ms | statement | connection 3| url jdbc:h2:mem:test
select task0_.task_id as task_id1_0_, task0_.name as name2_0_, task0_.priority as priority3_0_, task0_.reg_date as reg_date4_0_, task0_.status as status5_0_ from task task0_ where task0_.name=?
select task0_.task_id as task_id1_0_, task0_.name as name2_0_, task0_.priority as priority3_0_, task0_.reg_date as reg_date4_0_, task0_.status as status5_0_ from task task0_ where task0_.name='task1';
Hibernate: 
    call next value for hibernate_sequence
2023-10-23 15:38:24.313  INFO 81823 --- [    Test worker] p6spy                                    : #1698043104313 | took 0ms | statement | connection 3| url jdbc:h2:mem:test
call next value for hibernate_sequence
call next value for hibernate_sequence;
Hibernate: 
    insert 
    into
        task
        (name, priority, reg_date, status, task_id) 
    values
        (?, ?, ?, ?, ?)
2023-10-23 15:38:24.328  INFO 81823 --- [    Test worker] p6spy                                    : #1698043104328 | took 0ms | statement | connection 3| url jdbc:h2:mem:test
insert into task (name, priority, reg_date, status, task_id) values (?, ?, ?, ?, ?)
insert into task (name, priority, reg_date, status, task_id) values ('task1', 'HIGH', '2023-10-23T15:38:24.311+0900', 'TODO', 1);
Hibernate: 
    select
        task0_.task_id as task_id1_0_,
        task0_.name as name2_0_,
        task0_.priority as priority3_0_,
        task0_.reg_date as reg_date4_0_,
        task0_.status as status5_0_ 
    from
        task task0_ 
    where
        task0_.name=?
2023-10-23 15:38:24.329  INFO 81823 --- [    Test worker] p6spy                                    : #1698043104329 | took 0ms | statement | connection 3| url jdbc:h2:mem:test
select task0_.task_id as task_id1_0_, task0_.name as name2_0_, task0_.priority as priority3_0_, task0_.reg_date as reg_date4_0_, task0_.status as status5_0_ from task task0_ where task0_.name=?
select task0_.task_id as task_id1_0_, task0_.name as name2_0_, task0_.priority as priority3_0_, task0_.reg_date as reg_date4_0_, task0_.status as status5_0_ from task task0_ where task0_.name='task2';
Hibernate: 
    call next value for hibernate_sequence
2023-10-23 15:38:24.330  INFO 81823 --- [    Test worker] p6spy                                    : #1698043104330 | took 0ms | statement | connection 3| url jdbc:h2:mem:test
call next value for hibernate_sequence
call next value for hibernate_sequence;
Hibernate: 
    insert 
    into
        task
        (name, priority, reg_date, status, task_id) 
    values
        (?, ?, ?, ?, ?)
2023-10-23 15:38:24.333  INFO 81823 --- [    Test worker] p6spy                                    : #1698043104333 | took 0ms | statement | connection 3| url jdbc:h2:mem:test
insert into task (name, priority, reg_date, status, task_id) values (?, ?, ?, ?, ?)
insert into task (name, priority, reg_date, status, task_id) values ('task2', 'HIGH', '2023-10-23T15:38:24.330+0900', 'TODO', 2);
Hibernate: 
    select
        task0_.task_id as task_id1_0_,
        task0_.name as name2_0_,
        task0_.priority as priority3_0_,
        task0_.reg_date as reg_date4_0_,
        task0_.status as status5_0_ 
    from
        task task0_ 
    order by
        task0_.reg_date desc
2023-10-23 15:38:24.334  INFO 81823 --- [    Test worker] p6spy                                    : #1698043104334 | took 0ms | statement | connection 3| url jdbc:h2:mem:test
select task0_.task_id as task_id1_0_, task0_.name as name2_0_, task0_.priority as priority3_0_, task0_.reg_date as reg_date4_0_, task0_.status as status5_0_ from task task0_ order by task0_.reg_date desc
select task0_.task_id as task_id1_0_, task0_.name as name2_0_, task0_.priority as priority3_0_, task0_.reg_date as reg_date4_0_, task0_.status as status5_0_ from task task0_ order by task0_.reg_date desc;
2023-10-23 15:38:24.340  INFO 81823 --- [    Test worker] p6spy                                    : #1698043104340 | took 0ms | rollback | connection 3| url jdbc:h2:mem:test

;
2023-10-23 15:38:24.341  INFO 81823 --- [    Test worker] o.s.t.c.transaction.TransactionContext   : Rolled back transaction for test: [DefaultTestContext@56bc3fac testClass = TaskTest, testInstance = com.example.todo.domain.TaskTest@df04d12, testMethod = 할일_시간_내림차순_조회@TaskTest, testException = [null], mergedContextConfiguration = [WebMergedContextConfiguration@df4b72 testClass = TaskTest, locations = '{}', classes = '{class com.example.todo.TodoApplication}', contextInitializerClasses = '[]', activeProfiles = '{}', propertySourceLocations = '{}', propertySourceProperties = '{org.springframework.boot.test.context.SpringBootTestContextBootstrapper=true}', contextCustomizers = set[org.springframework.boot.test.autoconfigure.actuate.metrics.MetricsExportContextCustomizerFactory$DisableMetricExportContextCustomizer@64a8c844, org.springframework.boot.test.autoconfigure.properties.PropertyMappingContextCustomizer@0, org.springframework.boot.test.autoconfigure.web.servlet.WebDriverContextCustomizerFactory$Customizer@bf1ec20, org.springframework.boot.test.context.filter.ExcludeFilterContextCustomizer@435fb7b5, org.springframework.boot.test.json.DuplicateJsonObjectContextCustomizerFactory$DuplicateJsonObjectContextCustomizer@1c3146bc, org.springframework.boot.test.mock.mockito.MockitoContextCustomizer@0, org.springframework.boot.test.web.client.TestRestTemplateContextCustomizer@5d1659ea, org.springframework.boot.test.context.SpringBootTestArgs@1, org.springframework.boot.test.context.SpringBootTestWebEnvironment@9ef8eb7], resourceBasePath = 'src/main/webapp', contextLoader = 'org.springframework.boot.test.context.SpringBootContextLoader', parent = [null]], attributes = map['org.springframework.test.context.web.ServletTestExecutionListener.activateListener' -> true, 'org.springframework.test.context.web.ServletTestExecutionListener.populatedRequestContextHolder' -> true, 'org.springframework.test.context.web.ServletTestExecutionListener.resetRequestContextHolder' -> true, 'org.springframework.test.context.event.ApplicationEventsTestExecutionListener.recordApplicationEvents' -> false]]
]]></system-out>
  <system-err><![CDATA[]]></system-err>
</testsuite>
